Flow report for Final_3002
Fri Dec 11 15:54:58 2020
Quartus Prime Version 20.1.0 Build 711 06/05/2020 SJ Standard Edition


---------------------
; Table of Contents ;
---------------------
  1. Legal Notice
  2. Flow Summary
  3. Flow Settings
  4. Flow Non-Default Global Settings
  5. Flow Elapsed Time
  6. Flow OS Summary
  7. Flow Log
  8. Flow Messages
  9. Flow Suppressed Messages



----------------
; Legal Notice ;
----------------
Copyright (C) 2020  Intel Corporation. All rights reserved.
Your use of Intel Corporation's design tools, logic functions 
and other software and tools, and any partner logic 
functions, and any output files from any of the foregoing 
(including device programming or simulation files), and any 
associated documentation or information are expressly subject 
to the terms and conditions of the Intel Program License 
Subscription Agreement, the Intel Quartus Prime License Agreement,
the Intel FPGA IP License Agreement, or other applicable license
agreement, including, without limitation, that your use is for
the sole purpose of programming logic devices manufactured by
Intel and sold by Intel or its authorized distributors.  Please
refer to the applicable agreement for further details, at
https://fpgasoftware.intel.com/eula.



+-----------------------------------------------------------------------------------+
; Flow Summary                                                                      ;
+---------------------------------+-------------------------------------------------+
; Flow Status                     ; Flow Failed - Fri Dec 11 15:54:58 2020          ;
; Quartus Prime Version           ; 20.1.0 Build 711 06/05/2020 SJ Standard Edition ;
; Revision Name                   ; Final_3002                                      ;
; Top-level Entity Name           ; Final_3002                                      ;
; Family                          ; Cyclone V                                       ;
; Device                          ; 5CSXFC6D6F31C6                                  ;
; Timing Models                   ; Final                                           ;
; Logic utilization (in ALMs)     ; 1,651 / 41,910 ( 4 % )                          ;
; Total registers                 ; 1660                                            ;
; Total pins                      ; 48 / 499 ( 10 % )                               ;
; Total virtual pins              ; 0                                               ;
; Total block memory bits         ; 768 / 5,662,720 ( < 1 % )                       ;
; Total PLLs                      ; 2 / 15 ( 13 % )                                 ;
; Total DLLs                      ; 0 / 4 ( 0 % )                                   ;
; Total DSP Blocks                ; 0 / 112 ( 0 % )                                 ;
; Total HSSI RX PCSs              ; 0 / 9 ( 0 % )                                   ;
; Total HSSI PMA RX Deserializers ; 0 / 9 ( 0 % )                                   ;
; Total HSSI TX PCSs              ; 0 / 9 ( 0 % )                                   ;
; Total HSSI PMA TX Serializers   ; 0 / 9 ( 0 % )                                   ;
+---------------------------------+-------------------------------------------------+


+-----------------------------------------+
; Flow Settings                           ;
+-------------------+---------------------+
; Option            ; Setting             ;
+-------------------+---------------------+
; Start date & time ; 12/11/2020 13:32:38 ;
; Main task         ; Compilation         ;
; Revision Name     ; Final_3002          ;
+-------------------+---------------------+


+----------------------------------------------------------------------------------------------------------------------------------------------------------+
; Flow Non-Default Global Settings                                                                                                                         ;
+--------------------------------------+--------------------------------------------------------------------+---------------+-------------+----------------+
; Assignment Name                      ; Value                                                              ; Default Value ; Entity Name ; Section Id     ;
+--------------------------------------+--------------------------------------------------------------------+---------------+-------------+----------------+
; COMPILER_SIGNATURE_ID                ; 266554457658014.160771875815944                                    ; --            ; --          ; --             ;
; EDA_DESIGN_INSTANCE_NAME             ; NA                                                                 ; --            ; --          ; tb             ;
; EDA_NATIVELINK_SIMULATION_TEST_BENCH ; tb                                                                 ; --            ; --          ; eda_simulation ;
; EDA_OUTPUT_DATA_FORMAT               ; Verilog Hdl                                                        ; --            ; --          ; eda_simulation ;
; EDA_SIMULATION_TOOL                  ; ModelSim-Altera (Verilog)                                          ; <None>        ; --          ; --             ;
; EDA_TEST_BENCH_ENABLE_STATUS         ; TEST_BENCH_MODE                                                    ; --            ; --          ; eda_simulation ;
; EDA_TEST_BENCH_FILE                  ; ../source/tb.v                                                     ; --            ; --          ; tb             ;
; EDA_TEST_BENCH_MODULE_NAME           ; tb                                                                 ; --            ; --          ; tb             ;
; EDA_TEST_BENCH_NAME                  ; tb                                                                 ; --            ; --          ; eda_simulation ;
; EDA_TIME_SCALE                       ; 1 ps                                                               ; --            ; --          ; eda_simulation ;
; MAX_CORE_JUNCTION_TEMP               ; 85                                                                 ; --            ; --          ; --             ;
; MIN_CORE_JUNCTION_TEMP               ; 0                                                                  ; --            ; --          ; --             ;
; MISC_FILE                            ; issp/synthesis/../issp.cmp                                         ; --            ; --          ; --             ;
; MISC_FILE                            ; issp/synthesis/../../issp.qsys                                     ; --            ; --          ; --             ;
; MISC_FILE                            ; issp/simulation/../../issp.qsys                                    ; --            ; --          ; --             ;
; MISC_FILE                            ; issp/simulation/issp.v                                             ; --            ; --          ; --             ;
; MISC_FILE                            ; issp/simulation/submodules/altsource_probe.v                       ; --            ; --          ; --             ;
; MISC_FILE                            ; jtag_pll/simulation/../../jtag_pll.qsys                            ; --            ; --          ; --             ;
; MISC_FILE                            ; jtag_pll/simulation/jtag_pll.v                                     ; --            ; --          ; --             ;
; MISC_FILE                            ; jtag_pll/simulation/submodules/altera_reset_controller.v           ; --            ; --          ; --             ;
; MISC_FILE                            ; jtag_pll/simulation/submodules/altera_reset_synchronizer.v         ; --            ; --          ; --             ;
; MISC_FILE                            ; jtag_pll/simulation/submodules/altera_reset_controller.sdc         ; --            ; --          ; --             ;
; MISC_FILE                            ; jtag_pll/simulation/submodules/jtag_pll_mm_interconnect_0.v        ; --            ; --          ; --             ;
; MISC_FILE                            ; jtag_pll/simulation/submodules/altera_merlin_slave_translator.sv   ; --            ; --          ; --             ;
; MISC_FILE                            ; jtag_pll/simulation/submodules/altera_merlin_master_translator.sv  ; --            ; --          ; --             ;
; MISC_FILE                            ; jtag_pll/simulation/submodules/altera_pll_reconfig_top.v           ; --            ; --          ; --             ;
; MISC_FILE                            ; jtag_pll/simulation/submodules/altera_pll_reconfig_core.v          ; --            ; --          ; --             ;
; MISC_FILE                            ; jtag_pll/simulation/submodules/altera_std_synchronizer.v           ; --            ; --          ; --             ;
; MISC_FILE                            ; jtag_pll/simulation/submodules/jtag_pll_pll_0.vo                   ; --            ; --          ; --             ;
; MISC_FILE                            ; jtag_pll/simulation/submodules/jtag_pll_master_0.v                 ; --            ; --          ; --             ;
; MISC_FILE                            ; jtag_pll/simulation/submodules/jtag_pll_master_0_p2b_adapter.sv    ; --            ; --          ; --             ;
; MISC_FILE                            ; jtag_pll/simulation/submodules/jtag_pll_master_0_b2p_adapter.sv    ; --            ; --          ; --             ;
; MISC_FILE                            ; jtag_pll/simulation/submodules/altera_avalon_packets_to_master.v   ; --            ; --          ; --             ;
; MISC_FILE                            ; jtag_pll/simulation/submodules/altera_avalon_st_packets_to_bytes.v ; --            ; --          ; --             ;
; MISC_FILE                            ; jtag_pll/simulation/submodules/altera_avalon_st_bytes_to_packets.v ; --            ; --          ; --             ;
; MISC_FILE                            ; jtag_pll/simulation/submodules/altera_avalon_sc_fifo.v             ; --            ; --          ; --             ;
; MISC_FILE                            ; jtag_pll/simulation/submodules/jtag_pll_master_0_timing_adt.sv     ; --            ; --          ; --             ;
; MISC_FILE                            ; jtag_pll/simulation/submodules/altera_avalon_st_jtag_interface.v   ; --            ; --          ; --             ;
; MISC_FILE                            ; jtag_pll/simulation/submodules/altera_jtag_dc_streaming.v          ; --            ; --          ; --             ;
; MISC_FILE                            ; jtag_pll/simulation/submodules/altera_jtag_sld_node.v              ; --            ; --          ; --             ;
; MISC_FILE                            ; jtag_pll/simulation/submodules/altera_jtag_streaming.v             ; --            ; --          ; --             ;
; MISC_FILE                            ; jtag_pll/simulation/submodules/altera_avalon_st_clock_crosser.v    ; --            ; --          ; --             ;
; MISC_FILE                            ; jtag_pll/simulation/submodules/altera_std_synchronizer_nocut.v     ; --            ; --          ; --             ;
; MISC_FILE                            ; jtag_pll/simulation/submodules/altera_avalon_st_pipeline_base.v    ; --            ; --          ; --             ;
; MISC_FILE                            ; jtag_pll/simulation/submodules/altera_avalon_st_idle_remover.v     ; --            ; --          ; --             ;
; MISC_FILE                            ; jtag_pll/simulation/submodules/altera_avalon_st_idle_inserter.v    ; --            ; --          ; --             ;
; MISC_FILE                            ; jtag_pll/simulation/submodules/altera_avalon_st_pipeline_stage.sv  ; --            ; --          ; --             ;
; MISC_FILE                            ; jtag_pll/simulation/submodules/altera_avalon_st_jtag_interface.sdc ; --            ; --          ; --             ;
; MISC_FILE                            ; jtag_pll/synthesis/../jtag_pll.cmp                                 ; --            ; --          ; --             ;
; MISC_FILE                            ; jtag_pll/synthesis/../../jtag_pll.qsys                             ; --            ; --          ; --             ;
; MISC_FILE                            ; pll.cmp                                                            ; --            ; --          ; --             ;
; MISC_FILE                            ; pll_sim/pll.vo                                                     ; --            ; --          ; --             ;
; PARTITION_COLOR                      ; -- (Not supported for targeted family)                             ; --            ; --          ; Top            ;
; PARTITION_FITTER_PRESERVATION_LEVEL  ; -- (Not supported for targeted family)                             ; --            ; --          ; Top            ;
; PARTITION_NETLIST_TYPE               ; -- (Not supported for targeted family)                             ; --            ; --          ; Top            ;
; POST_FLOW_SCRIPT_FILE                ; quartus_sh:../source/prog.tcl                                      ; --            ; --          ; --             ;
; POWER_BOARD_THERMAL_MODEL            ; None (CONSERVATIVE)                                                ; --            ; --          ; --             ;
; POWER_PRESET_COOLING_SOLUTION        ; 23 MM HEAT SINK WITH 200 LFPM AIRFLOW                              ; --            ; --          ; --             ;
; SLD_FILE                             ; issp/synthesis/issp.debuginfo                                      ; --            ; --          ; --             ;
; SLD_FILE                             ; jtag_pll/synthesis/jtag_pll.debuginfo                              ; --            ; --          ; --             ;
; SLD_INFO                             ; QSYS_NAME issp HAS_SOPCINFO 1 GENERATION_ID 1595611463             ; --            ; issp        ; --             ;
; SLD_INFO                             ; QSYS_NAME jtag_pll HAS_SOPCINFO 1 GENERATION_ID 1607549958         ; --            ; jtag_pll    ; --             ;
; SOPCINFO_FILE                        ; issp/synthesis/../../issp.sopcinfo                                 ; --            ; --          ; --             ;
; SOPCINFO_FILE                        ; jtag_pll/synthesis/../../jtag_pll.sopcinfo                         ; --            ; --          ; --             ;
; SPD_FILE                             ; issp/simulation/../issp.spd                                        ; --            ; --          ; --             ;
; SPD_FILE                             ; jtag_pll/simulation/../jtag_pll.spd                                ; --            ; --          ; --             ;
; SPD_FILE                             ; pll.spd                                                            ; --            ; --          ; --             ;
; SYNTHESIS_ONLY_QIP                   ; On                                                                 ; --            ; --          ; --             ;
; SYNTHESIS_ONLY_QIP                   ; On                                                                 ; --            ; --          ; --             ;
; SYNTHESIS_ONLY_QIP                   ; On                                                                 ; --            ; --          ; --             ;
+--------------------------------------+--------------------------------------------------------------------+---------------+-------------+----------------+


+--------------------------------------------------------------------------------------------------------------------------+
; Flow Elapsed Time                                                                                                        ;
+----------------------+--------------+-------------------------+---------------------+------------------------------------+
; Module Name          ; Elapsed Time ; Average Processors Used ; Peak Virtual Memory ; Total CPU Time (on all processors) ;
+----------------------+--------------+-------------------------+---------------------+------------------------------------+
; Analysis & Synthesis ; 00:00:54     ; 1.0                     ; 4919 MB             ; 00:01:24                           ;
; Fitter               ; 00:01:52     ; 1.0                     ; 6349 MB             ; 00:03:38                           ;
; Assembler            ; 00:00:09     ; 1.0                     ; 4862 MB             ; 00:00:08                           ;
; Timing Analyzer      ; 00:00:15     ; 1.3                     ; 5213 MB             ; 00:00:18                           ;
; EDA Netlist Writer   ; 00:00:04     ; 1.0                     ; 4855 MB             ; 00:00:03                           ;
; Analysis & Synthesis ; 00:00:36     ; 1.1                     ; 4954 MB             ; 00:01:06                           ;
; Partition Merge      ; 00:00:03     ; 1.0                     ; 4976 MB             ; 00:00:04                           ;
; Fitter               ; 00:01:05     ; 1.0                     ; 6424 MB             ; 00:01:23                           ;
; Assembler            ; 00:00:09     ; 1.0                     ; 4861 MB             ; 00:00:08                           ;
; Timing Analyzer      ; 00:00:25     ; 1.4                     ; 5238 MB             ; 00:00:34                           ;
; EDA Netlist Writer   ; 00:00:04     ; 1.0                     ; 4860 MB             ; 00:00:04                           ;
; Analysis & Synthesis ; 00:00:32     ; 1.0                     ; 4948 MB             ; 00:01:01                           ;
; Partition Merge      ; 00:00:03     ; 1.0                     ; 4924 MB             ; 00:00:03                           ;
; Fitter               ; 00:00:05     ; 1.0                     ; 5179 MB             ; 00:00:05                           ;
; Analysis & Synthesis ; 00:00:31     ; 1.0                     ; 4943 MB             ; 00:00:58                           ;
; Partition Merge      ; 00:00:03     ; 1.0                     ; 4928 MB             ; 00:00:03                           ;
; Fitter               ; 00:00:05     ; 1.0                     ; 5178 MB             ; 00:00:05                           ;
; Analysis & Synthesis ; 00:00:30     ; 1.0                     ; 4945 MB             ; 00:00:59                           ;
; Partition Merge      ; 00:00:02     ; 1.0                     ; 4923 MB             ; 00:00:02                           ;
; Fitter               ; 00:00:05     ; 1.0                     ; 5178 MB             ; 00:00:05                           ;
; Analysis & Synthesis ; 00:00:31     ; 1.0                     ; 4950 MB             ; 00:01:00                           ;
; Partition Merge      ; 00:00:02     ; 1.0                     ; 4923 MB             ; 00:00:03                           ;
; Fitter               ; 00:00:05     ; 1.0                     ; 5178 MB             ; 00:00:05                           ;
; Analysis & Synthesis ; 00:00:34     ; 1.0                     ; 4946 MB             ; 00:01:04                           ;
; Partition Merge      ; 00:00:03     ; 1.0                     ; 4923 MB             ; 00:00:03                           ;
; Fitter               ; 00:00:05     ; 1.0                     ; 5178 MB             ; 00:00:05                           ;
; Analysis & Synthesis ; 00:00:30     ; 1.0                     ; 4944 MB             ; 00:00:59                           ;
; Partition Merge      ; 00:00:02     ; 1.0                     ; 4926 MB             ; 00:00:03                           ;
; Fitter               ; 00:00:05     ; 1.0                     ; 5178 MB             ; 00:00:05                           ;
; Analysis & Synthesis ; 00:00:30     ; 1.0                     ; 4944 MB             ; 00:00:57                           ;
; Partition Merge      ; 00:00:02     ; 1.0                     ; 4926 MB             ; 00:00:02                           ;
; Fitter               ; 00:00:05     ; 1.0                     ; 5178 MB             ; 00:00:05                           ;
; Total                ; 00:10:06     ; --                      ; --                  ; 00:16:42                           ;
+----------------------+--------------+-------------------------+---------------------+------------------------------------+


+------------------------------------------------------------------------------------+
; Flow OS Summary                                                                    ;
+----------------------+------------------+------------+------------+----------------+
; Module Name          ; Machine Hostname ; OS Name    ; OS Version ; Processor type ;
+----------------------+------------------+------------+------------+----------------+
; Analysis & Synthesis ; SamsSurface      ; Windows 10 ; 10.0       ; x86_64         ;
; Fitter               ; SamsSurface      ; Windows 10 ; 10.0       ; x86_64         ;
; Assembler            ; SamsSurface      ; Windows 10 ; 10.0       ; x86_64         ;
; Timing Analyzer      ; SamsSurface      ; Windows 10 ; 10.0       ; x86_64         ;
; EDA Netlist Writer   ; SamsSurface      ; Windows 10 ; 10.0       ; x86_64         ;
; Analysis & Synthesis ; SamsSurface      ; Windows 10 ; 10.0       ; x86_64         ;
; Partition Merge      ; SamsSurface      ; Windows 10 ; 10.0       ; x86_64         ;
; Fitter               ; SamsSurface      ; Windows 10 ; 10.0       ; x86_64         ;
; Assembler            ; SamsSurface      ; Windows 10 ; 10.0       ; x86_64         ;
; Timing Analyzer      ; SamsSurface      ; Windows 10 ; 10.0       ; x86_64         ;
; EDA Netlist Writer   ; SamsSurface      ; Windows 10 ; 10.0       ; x86_64         ;
; Analysis & Synthesis ; SamsSurface      ; Windows 10 ; 10.0       ; x86_64         ;
; Partition Merge      ; SamsSurface      ; Windows 10 ; 10.0       ; x86_64         ;
; Fitter               ; SamsSurface      ; Windows 10 ; 10.0       ; x86_64         ;
; Analysis & Synthesis ; SamsSurface      ; Windows 10 ; 10.0       ; x86_64         ;
; Partition Merge      ; SamsSurface      ; Windows 10 ; 10.0       ; x86_64         ;
; Fitter               ; SamsSurface      ; Windows 10 ; 10.0       ; x86_64         ;
; Analysis & Synthesis ; SamsSurface      ; Windows 10 ; 10.0       ; x86_64         ;
; Partition Merge      ; SamsSurface      ; Windows 10 ; 10.0       ; x86_64         ;
; Fitter               ; SamsSurface      ; Windows 10 ; 10.0       ; x86_64         ;
; Analysis & Synthesis ; SamsSurface      ; Windows 10 ; 10.0       ; x86_64         ;
; Partition Merge      ; SamsSurface      ; Windows 10 ; 10.0       ; x86_64         ;
; Fitter               ; SamsSurface      ; Windows 10 ; 10.0       ; x86_64         ;
; Analysis & Synthesis ; SamsSurface      ; Windows 10 ; 10.0       ; x86_64         ;
; Partition Merge      ; SamsSurface      ; Windows 10 ; 10.0       ; x86_64         ;
; Fitter               ; SamsSurface      ; Windows 10 ; 10.0       ; x86_64         ;
; Analysis & Synthesis ; SamsSurface      ; Windows 10 ; 10.0       ; x86_64         ;
; Partition Merge      ; SamsSurface      ; Windows 10 ; 10.0       ; x86_64         ;
; Fitter               ; SamsSurface      ; Windows 10 ; 10.0       ; x86_64         ;
; Analysis & Synthesis ; SamsSurface      ; Windows 10 ; 10.0       ; x86_64         ;
; Partition Merge      ; SamsSurface      ; Windows 10 ; 10.0       ; x86_64         ;
; Fitter               ; SamsSurface      ; Windows 10 ; 10.0       ; x86_64         ;
+----------------------+------------------+------------+------------+----------------+


------------
; Flow Log ;
------------
quartus_map --read_settings_files=on --write_settings_files=off Final_3002 -c Final_3002
quartus_fit --read_settings_files=off --write_settings_files=off Final_3002 -c Final_3002
quartus_asm --read_settings_files=off --write_settings_files=off Final_3002 -c Final_3002
quartus_sta Final_3002 -c Final_3002
quartus_eda --read_settings_files=off --write_settings_files=off Final_3002 -c Final_3002
quartus_map --read_settings_files=on --write_settings_files=off Final_3002 -c Final_3002 --recompile=on
quartus_cdb --read_settings_files=on --write_settings_files=off Final_3002 -c Final_3002 --merge=on --recompile=on
quartus_fit --read_settings_files=off --write_settings_files=off Final_3002 -c Final_3002 --recompile=on
quartus_asm --read_settings_files=off --write_settings_files=off Final_3002 -c Final_3002
quartus_sta Final_3002 -c Final_3002
quartus_eda --read_settings_files=off --write_settings_files=off Final_3002 -c Final_3002
quartus_map --read_settings_files=on --write_settings_files=off Final_3002 -c Final_3002
quartus_cdb --read_settings_files=off --write_settings_files=off Final_3002 -c Final_3002 --merge=on
quartus_fit --read_settings_files=off --write_settings_files=off Final_3002 -c Final_3002
quartus_map --read_settings_files=on --write_settings_files=off Final_3002 -c Final_3002
quartus_cdb --read_settings_files=off --write_settings_files=off Final_3002 -c Final_3002 --merge=on
quartus_fit --read_settings_files=off --write_settings_files=off Final_3002 -c Final_3002
quartus_map --read_settings_files=on --write_settings_files=off Final_3002 -c Final_3002
quartus_cdb --read_settings_files=off --write_settings_files=off Final_3002 -c Final_3002 --merge=on
quartus_fit --read_settings_files=off --write_settings_files=off Final_3002 -c Final_3002
quartus_map --read_settings_files=on --write_settings_files=off Final_3002 -c Final_3002
quartus_cdb --read_settings_files=off --write_settings_files=off Final_3002 -c Final_3002 --merge=on
quartus_fit --read_settings_files=off --write_settings_files=off Final_3002 -c Final_3002
quartus_map --read_settings_files=on --write_settings_files=off Final_3002 -c Final_3002
quartus_cdb --read_settings_files=off --write_settings_files=off Final_3002 -c Final_3002 --merge=on
quartus_fit --read_settings_files=off --write_settings_files=off Final_3002 -c Final_3002
quartus_sh --archive -revision Final_3002 -output C:/Users/sjfre/Documents/FPGADesign/Final/Final_3002_restored/quartus/Final_3002_Freed.qar Final_3002
quartus_map --read_settings_files=on --write_settings_files=off Final_3002 -c Final_3002
quartus_cdb --read_settings_files=off --write_settings_files=off Final_3002 -c Final_3002 --merge=on
quartus_fit --read_settings_files=off --write_settings_files=off Final_3002 -c Final_3002
quartus_map --read_settings_files=on --write_settings_files=off Final_3002 -c Final_3002
quartus_cdb --read_settings_files=off --write_settings_files=off Final_3002 -c Final_3002 --merge=on
quartus_fit --read_settings_files=off --write_settings_files=off Final_3002 -c Final_3002



